{"C:\\Users\\urang\\Documents\\My_Data\\Development\\javascript\\binar\\F-BEE24001186-km7-faj-basic-banking-system-ch2\\src\\configs\\database.js": {"path":"C:\\Users\\urang\\Documents\\My_Data\\Development\\javascript\\binar\\F-BEE24001186-km7-faj-basic-banking-system-ch2\\src\\configs\\database.js","statementMap":{"0":{"start":{"line":3,"column":15},"end":{"line":3,"column":33}}},"fnMap":{},"branchMap":{},"s":{"0":1},"f":{},"b":{},"_coverageSchema":"1a1c01bbd47fc00a2c39e90264f33305004495a9","hash":"ca67cfa132545b39553d14b2674f6f5bb3f94279"}
,"C:\\Users\\urang\\Documents\\My_Data\\Development\\javascript\\binar\\F-BEE24001186-km7-faj-basic-banking-system-ch2\\src\\services\\base.service.js": {"path":"C:\\Users\\urang\\Documents\\My_Data\\Development\\javascript\\binar\\F-BEE24001186-km7-faj-basic-banking-system-ch2\\src\\services\\base.service.js","statementMap":{"0":{"start":{"line":4,"column":8},"end":{"line":4,"column":28}},"1":{"start":{"line":8,"column":8},"end":{"line":8,"column":44}},"2":{"start":{"line":12,"column":8},"end":{"line":12,"column":75}},"3":{"start":{"line":16,"column":8},"end":{"line":16,"column":50}},"4":{"start":{"line":20,"column":8},"end":{"line":20,"column":77}},"5":{"start":{"line":24,"column":8},"end":{"line":24,"column":71}}},"fnMap":{"0":{"name":"(anonymous_0)","decl":{"start":{"line":3,"column":4},"end":{"line":3,"column":5}},"loc":{"start":{"line":3,"column":23},"end":{"line":5,"column":5}},"line":3},"1":{"name":"(anonymous_1)","decl":{"start":{"line":7,"column":4},"end":{"line":7,"column":5}},"loc":{"start":{"line":7,"column":19},"end":{"line":9,"column":5}},"line":7},"2":{"name":"(anonymous_2)","decl":{"start":{"line":11,"column":4},"end":{"line":11,"column":5}},"loc":{"start":{"line":11,"column":22},"end":{"line":13,"column":5}},"line":11},"3":{"name":"(anonymous_3)","decl":{"start":{"line":15,"column":4},"end":{"line":15,"column":5}},"loc":{"start":{"line":15,"column":23},"end":{"line":17,"column":5}},"line":15},"4":{"name":"(anonymous_4)","decl":{"start":{"line":19,"column":4},"end":{"line":19,"column":5}},"loc":{"start":{"line":19,"column":27},"end":{"line":21,"column":5}},"line":19},"5":{"name":"(anonymous_5)","decl":{"start":{"line":23,"column":4},"end":{"line":23,"column":5}},"loc":{"start":{"line":23,"column":21},"end":{"line":25,"column":5}},"line":23}},"branchMap":{},"s":{"0":1,"1":0,"2":0,"3":0,"4":0,"5":0},"f":{"0":1,"1":0,"2":0,"3":0,"4":0,"5":0},"b":{},"_coverageSchema":"1a1c01bbd47fc00a2c39e90264f33305004495a9","hash":"8c88cd3db5aaa9317e98822f1e3c8080bdf329c0"}
,"C:\\Users\\urang\\Documents\\My_Data\\Development\\javascript\\binar\\F-BEE24001186-km7-faj-basic-banking-system-ch2\\src\\services\\user.service.js": {"path":"C:\\Users\\urang\\Documents\\My_Data\\Development\\javascript\\binar\\F-BEE24001186-km7-faj-basic-banking-system-ch2\\src\\services\\user.service.js","statementMap":{"0":{"start":{"line":8,"column":8},"end":{"line":8,"column":27}},"1":{"start":{"line":13,"column":22},"end":{"line":17,"column":10}},"2":{"start":{"line":19,"column":8},"end":{"line":23,"column":11}},"3":{"start":{"line":20,"column":12},"end":{"line":22,"column":13}},"4":{"start":{"line":21,"column":16},"end":{"line":21,"column":37}},"5":{"start":{"line":25,"column":8},"end":{"line":25,"column":21}},"6":{"start":{"line":30,"column":21},"end":{"line":35,"column":10}},"7":{"start":{"line":37,"column":8},"end":{"line":37,"column":29}},"8":{"start":{"line":39,"column":8},"end":{"line":39,"column":20}},"9":{"start":{"line":44,"column":8},"end":{"line":75,"column":9}},"10":{"start":{"line":45,"column":25},"end":{"line":61,"column":14}},"11":{"start":{"line":63,"column":12},"end":{"line":63,"column":33}},"12":{"start":{"line":64,"column":12},"end":{"line":64,"column":24}},"13":{"start":{"line":67,"column":12},"end":{"line":67,"column":34}},"14":{"start":{"line":68,"column":12},"end":{"line":74,"column":13}},"15":{"start":{"line":69,"column":16},"end":{"line":69,"column":52}},"16":{"start":{"line":70,"column":19},"end":{"line":74,"column":13}},"17":{"start":{"line":71,"column":16},"end":{"line":71,"column":55}},"18":{"start":{"line":73,"column":16},"end":{"line":73,"column":48}},"19":{"start":{"line":80,"column":8},"end":{"line":110,"column":9}},"20":{"start":{"line":81,"column":25},"end":{"line":97,"column":14}},"21":{"start":{"line":99,"column":12},"end":{"line":99,"column":33}},"22":{"start":{"line":100,"column":12},"end":{"line":100,"column":24}},"23":{"start":{"line":103,"column":12},"end":{"line":109,"column":13}},"24":{"start":{"line":104,"column":16},"end":{"line":104,"column":52}},"25":{"start":{"line":105,"column":19},"end":{"line":109,"column":13}},"26":{"start":{"line":106,"column":16},"end":{"line":106,"column":55}},"27":{"start":{"line":108,"column":16},"end":{"line":108,"column":48}}},"fnMap":{"0":{"name":"(anonymous_0)","decl":{"start":{"line":7,"column":4},"end":{"line":7,"column":5}},"loc":{"start":{"line":7,"column":18},"end":{"line":9,"column":5}},"line":7},"1":{"name":"(anonymous_1)","decl":{"start":{"line":12,"column":4},"end":{"line":12,"column":5}},"loc":{"start":{"line":12,"column":19},"end":{"line":26,"column":5}},"line":12},"2":{"name":"(anonymous_2)","decl":{"start":{"line":19,"column":22},"end":{"line":19,"column":23}},"loc":{"start":{"line":19,"column":30},"end":{"line":23,"column":9}},"line":19},"3":{"name":"(anonymous_3)","decl":{"start":{"line":29,"column":4},"end":{"line":29,"column":5}},"loc":{"start":{"line":29,"column":22},"end":{"line":40,"column":5}},"line":29},"4":{"name":"(anonymous_4)","decl":{"start":{"line":43,"column":4},"end":{"line":43,"column":5}},"loc":{"start":{"line":43,"column":23},"end":{"line":76,"column":5}},"line":43},"5":{"name":"(anonymous_5)","decl":{"start":{"line":79,"column":4},"end":{"line":79,"column":5}},"loc":{"start":{"line":79,"column":27},"end":{"line":111,"column":5}},"line":79}},"branchMap":{"0":{"loc":{"start":{"line":20,"column":12},"end":{"line":22,"column":13}},"type":"if","locations":[{"start":{"line":20,"column":12},"end":{"line":22,"column":13}},{"start":{},"end":{}}],"line":20},"1":{"loc":{"start":{"line":68,"column":12},"end":{"line":74,"column":13}},"type":"if","locations":[{"start":{"line":68,"column":12},"end":{"line":74,"column":13}},{"start":{"line":70,"column":19},"end":{"line":74,"column":13}}],"line":68},"2":{"loc":{"start":{"line":70,"column":19},"end":{"line":74,"column":13}},"type":"if","locations":[{"start":{"line":70,"column":19},"end":{"line":74,"column":13}},{"start":{"line":72,"column":19},"end":{"line":74,"column":13}}],"line":70},"3":{"loc":{"start":{"line":103,"column":12},"end":{"line":109,"column":13}},"type":"if","locations":[{"start":{"line":103,"column":12},"end":{"line":109,"column":13}},{"start":{"line":105,"column":19},"end":{"line":109,"column":13}}],"line":103},"4":{"loc":{"start":{"line":105,"column":19},"end":{"line":109,"column":13}},"type":"if","locations":[{"start":{"line":105,"column":19},"end":{"line":109,"column":13}},{"start":{"line":107,"column":19},"end":{"line":109,"column":13}}],"line":105}},"s":{"0":1,"1":1,"2":1,"3":5,"4":5,"5":1,"6":0,"7":0,"8":0,"9":0,"10":0,"11":0,"12":0,"13":0,"14":0,"15":0,"16":0,"17":0,"18":0,"19":0,"20":0,"21":0,"22":0,"23":0,"24":0,"25":0,"26":0,"27":0},"f":{"0":1,"1":1,"2":5,"3":0,"4":0,"5":0},"b":{"0":[5,0],"1":[0,0],"2":[0,0],"3":[0,0],"4":[0,0]},"_coverageSchema":"1a1c01bbd47fc00a2c39e90264f33305004495a9","hash":"74a22d181abbdf442adf9e0a5229b4880d821d7e"}
,"C:\\Users\\urang\\Documents\\My_Data\\Development\\javascript\\binar\\F-BEE24001186-km7-faj-basic-banking-system-ch2\\src\\utils\\custom_error.js": {"path":"C:\\Users\\urang\\Documents\\My_Data\\Development\\javascript\\binar\\F-BEE24001186-km7-faj-basic-banking-system-ch2\\src\\utils\\custom_error.js","statementMap":{"0":{"start":{"line":3,"column":8},"end":{"line":3,"column":23}},"1":{"start":{"line":4,"column":8},"end":{"line":4,"column":35}}},"fnMap":{"0":{"name":"(anonymous_0)","decl":{"start":{"line":2,"column":4},"end":{"line":2,"column":5}},"loc":{"start":{"line":2,"column":25},"end":{"line":5,"column":5}},"line":2}},"branchMap":{},"s":{"0":0,"1":0},"f":{"0":0},"b":{},"_coverageSchema":"1a1c01bbd47fc00a2c39e90264f33305004495a9","hash":"a601d60cb9c300a55a53c4f5625f488fe84870a5"}
}
